C51 COMPILER V9.59.1.0   I2C                                                               02/23/2020 18:35:21 PAGE 1   


C51 COMPILER V9.59.1.0, COMPILATION OF MODULE I2C
OBJECT MODULE PLACED IN .\obj\i2c.obj
COMPILER INVOKED BY: C:\Keil_v5\C51\BIN\C51.EXE i2c.c LARGE OPTIMIZE(8,SPEED) INCDIR(.\font;.\LCD;.\sys;.\touch;.\GUI;.\
                    -USER) DEBUG OBJECTEXTEND TABS(2) OBJECT(.\obj\i2c.obj)

line level    source

   1          #include "compiler_defs.h"
   2          #include "C8051F380_defs.h"
   3          #include "i2c.h"
   4          #include "initsys.h"
   5          
   6          #define usec 20  // delay clk 1/2T
   7          
   8          // Starts I2C serial transfer
   9          void Wire_start(void)
  10          {
  11   1        SDA=0;
  12   1        delay_us(usec);
  13   1        SCL=0;
  14   1      }
  15          
  16          // Stops I2C serial transfer 
  17          void Wire_stop(void)
  18          {
  19   1        SDA=0;
  20   1        SCL=1;
  21   1        delay_us(usec);
  22   1        SDA=1;
  23   1        delay_us(usec);
  24   1      }
  25          
  26          
  27          bit Wire_write(U8 outchar)
  28          {
  29   1        bit ack;
  30   1        int i;
  31   1        // Write 8 bits 
  32   1        for(i=0;i<8;i++)
  33   1        {
  34   2          SDA=outchar & (0x80>>i);
  35   2        delay_us(usec);
  36   2          SCL=1;
  37   2        delay_us(usec); 
  38   2          SCL=0;  
  39   2        }
  40   1        
  41   1        
  42   1        delay_us(usec);
  43   1        // Get ACK bit 
  44   1        SDA=1;
  45   1        SCL=1;
  46   1        delay_us(usec);
  47   1        ack=SDA;
  48   1      //delay_us(usec);////////////// 
  49   1        SCL=0;
  50   1        delay_us(usec);
  51   1        return(ack);  
  52   1      }
  53          
  54          
C51 COMPILER V9.59.1.0   I2C                                                               02/23/2020 18:35:21 PAGE 2   

  55          U8 Wire_read(bit ask_master) 
  56          {
  57   1        U8 inchar=0;
  58   1      int i;
  59   1        SDA=1;
  60   1      for(i=0;i<8;i++)
  61   1        {
  62   2          SCL=1; 
  63   2          delay_us(usec);  
  64   2          //bit7_i2c=SDA;
  65   2          if(SDA) inchar=inchar|(0x80>>i) ;
  66   2          SCL=0;  
  67   2          delay_us(usec);
  68   2        }
  69   1        
  70   1      
  71   1        // Acknowledge sender if this is not the last byte. 
  72   1        SDA=ask_master;
  73   1        delay_us(usec);
  74   1        SCL=1;
  75   1        delay_us(usec); 
  76   1        SCL=0;
  77   1        delay_us(usec);
  78   1        return(inchar);
  79   1      }
  80          
  81          
  82          
  83          


MODULE INFORMATION:   STATIC OVERLAYABLE
   CODE SIZE        =    278    ----
   CONSTANT SIZE    =   ----    ----
   XDATA SIZE       =   ----       6
   PDATA SIZE       =   ----    ----
   DATA SIZE        =   ----    ----
   IDATA SIZE       =   ----    ----
   BIT SIZE         =   ----       2
END OF MODULE INFORMATION.


C51 COMPILATION COMPLETE.  0 WARNING(S),  0 ERROR(S)
